Performing C SOURCE FILE Test CMAKE_HAVE_LIBC_PTHREAD failed with the following output:
Change Dir: /home/japaw/Codes/B4M36ESW/serialization/src/main/cpp/build/CMakeFiles/CMakeTmp

Run Build Command(s):/usr/bin/gmake cmTC_3ed31/fast && /usr/bin/gmake  -f CMakeFiles/cmTC_3ed31.dir/build.make CMakeFiles/cmTC_3ed31.dir/build
gmake[1]: Entering directory '/home/japaw/Codes/B4M36ESW/serialization/src/main/cpp/build/CMakeFiles/CMakeTmp'
Building C object CMakeFiles/cmTC_3ed31.dir/src.c.o
/usr/bin/clang   -DCMAKE_HAVE_LIBC_PTHREAD -o CMakeFiles/cmTC_3ed31.dir/src.c.o -c /home/japaw/Codes/B4M36ESW/serialization/src/main/cpp/build/CMakeFiles/CMakeTmp/src.c
Linking C executable cmTC_3ed31
/usr/bin/cmake -E cmake_link_script CMakeFiles/cmTC_3ed31.dir/link.txt --verbose=1
/usr/bin/clang  -DCMAKE_HAVE_LIBC_PTHREAD -rdynamic CMakeFiles/cmTC_3ed31.dir/src.c.o -o cmTC_3ed31 
/usr/bin/ld: CMakeFiles/cmTC_3ed31.dir/src.c.o: in function `main':
src.c:(.text+0x35): undefined reference to `pthread_create'
/usr/bin/ld: src.c:(.text+0x3e): undefined reference to `pthread_detach'
/usr/bin/ld: src.c:(.text+0x47): undefined reference to `pthread_cancel'
/usr/bin/ld: src.c:(.text+0x54): undefined reference to `pthread_join'
clang: error: linker command failed with exit code 1 (use -v to see invocation)
gmake[1]: *** [CMakeFiles/cmTC_3ed31.dir/build.make:106: cmTC_3ed31] Error 1
gmake[1]: Leaving directory '/home/japaw/Codes/B4M36ESW/serialization/src/main/cpp/build/CMakeFiles/CMakeTmp'
gmake: *** [Makefile:140: cmTC_3ed31/fast] Error 2


Source file was:
#include <pthread.h>

void* test_func(void* data)
{
  return data;
}

int main(void)
{
  pthread_t thread;
  pthread_create(&thread, NULL, test_func, NULL);
  pthread_detach(thread);
  pthread_cancel(thread);
  pthread_join(thread, NULL);
  pthread_atfork(NULL, NULL, NULL);
  pthread_exit(NULL);

  return 0;
}

Determining if the function pthread_create exists in the pthreads failed with the following output:
Change Dir: /home/japaw/Codes/B4M36ESW/serialization/src/main/cpp/build/CMakeFiles/CMakeTmp

Run Build Command(s):/usr/bin/gmake cmTC_61479/fast && /usr/bin/gmake  -f CMakeFiles/cmTC_61479.dir/build.make CMakeFiles/cmTC_61479.dir/build
gmake[1]: Entering directory '/home/japaw/Codes/B4M36ESW/serialization/src/main/cpp/build/CMakeFiles/CMakeTmp'
Building C object CMakeFiles/cmTC_61479.dir/CheckFunctionExists.c.o
/usr/bin/clang   -DCHECK_FUNCTION_EXISTS=pthread_create -o CMakeFiles/cmTC_61479.dir/CheckFunctionExists.c.o -c /usr/share/cmake-3.18/Modules/CheckFunctionExists.c
Linking C executable cmTC_61479
/usr/bin/cmake -E cmake_link_script CMakeFiles/cmTC_61479.dir/link.txt --verbose=1
/usr/bin/clang  -DCHECK_FUNCTION_EXISTS=pthread_create -rdynamic CMakeFiles/cmTC_61479.dir/CheckFunctionExists.c.o -o cmTC_61479  -lpthreads 
/usr/bin/ld: cannot find -lpthreads
clang: error: linker command failed with exit code 1 (use -v to see invocation)
gmake[1]: *** [CMakeFiles/cmTC_61479.dir/build.make:106: cmTC_61479] Error 1
gmake[1]: Leaving directory '/home/japaw/Codes/B4M36ESW/serialization/src/main/cpp/build/CMakeFiles/CMakeTmp'
gmake: *** [Makefile:140: cmTC_61479/fast] Error 2



